GBN + Reno

server = py3.9

0%, 234059, 0.9850020330000007, 235241, 237622.85980987395, 0.9949753656888043, 0
0%, 234059, 1.0769924080004785, 235241, 217326.50876764214, 0.9949753656888043, 0

1%, 234059, 4.998100964000514, 414287, 46829.586214012284, 0.564968246650269, 174
1%, 234059, 6.931150503999561, 301097, 33769.14119307297, 0.7773541416885589, 64
1%, 234059, 3.8334162369992555, 391649, 61057.54907096081, 0.5976244034837316, 152
1%, 234059, 5.337368623000657, 401939, 43852.88267168861, 0.5823246811083274, 162

3%, 234059, 18.520213142999637, 346373, 12638.02949743431, 0.6757426242807609, 108
3%, 234059, 10.263291868000124, 330138, 22805.451020034965, 0.7089732172606606, 95
3%, 234059, 9.070399232000455, 370040, 25804.707600326747, 0.6325235109717868, 131

server = py 3.12
3%, 234059, 7.504777328000273, 508955, 31188.000625511893, 0.4598815219420184, 266
3%, 234059, 12.84937705700031, 317561, 18215.591227629608, 0.7370520939284106, 80
3%, 234059, 12.448357446000045, 317561, 18802.40031789967, 0.7370520939284106, 80
3%, 234059, 24.1911884430001, 399444, 9675.382445616338, 0.5859619871621554, 160


5%, 234059, 15.509499456999947, 332996, 15091.331647995994, 0.7028883229828586, 95
5%, 234059, 16.063318196999717, 330938, 14571.024313252861, 0.7072593658026579, 93
5%, 234059, 13.718397042000106, 381359, 17061.687257148726, 0.6137497738351527, 142
5%, 234059, 17.17831097999988, 349689, 13625.262709035069, 0.669334751736543, 114


SR + Reno

0%, 234059, 0.600322573000085, 235241, 389888.72070943576, 0.9949753656888043, 0
0%, 234059, 0.41672843500055023, 235241, 561658.3375206708, 0.9949753656888043, 0

1%, 234059, 0.6657860489995073, 236270, 351552.87550967175, 0.9906420620476574, 1
1%, 234059, 1.2214299670004038, 238328, 191627.03251403247, 0.9820877110536739, 3
1%, 234059, 0.7323988680000184, 236270, 319578.59334101825, 0.9906420620476574, 1
1%, 234059, 0.7081236829999398, 237299, 330534.0657558828, 0.9863463394283162, 2

3%, 234059, 2.325003781000305, 239357, 100670.3739205529, 0.9778656985172776, 4
3%, 234059, 3.8068747360002817, 245531, 61483.2418273672, 0.953276775641365, 10
3%, 234059, 4.8131312229998, 246560, 48629.257993535844, 0.9492983452303699, 11
3%, 234059, 2.2525821039998846, 241452, 103906.9783891047, 0.9693810778125673, 7

5%, 234059, 7.922920918999807, 253763, 29542.00886174536, 0.9223527464602799, 18
5%, 234059, 5.866430337999191, 250676, 39898.02767858799, 0.9337112447940769, 15
5%, 234059, 5.938181616999827, 253763, 39415.938261291274, 0.9223527464602799, 18
5%, 234059, 4.8091055559998495, 247589, 48669.9651888463, 0.9453529841794264, 12

SR + Vegas

0%, 234059, 0.8040737689998423, 235241, 291091.4508393146, 0.9949753656888043, 0
0%, 234059, 0.6624662369995349, 235241, 353314.6097529561, 0.9949753656888043, 0
0%, 234059, 0.6926000989997192, 235241, 337942.4870687102, 0.9949753656888043, 0


1%, 234059, 1.9404233069999464, 239357, 120622.6492722737, 0.9778656985172776, 4
1%, 234059, 1.5837919959994906, 238328, 147783.9265454119, 0.9820877110536739, 3
1%, 234059, 2.304412102000242, 238328, 101569.94046196665, 0.9820877110536739, 3
1%, 234059, 0.7566170329992019, 235241, 309349.3667096005, 0.9949753656888043, 0
1%, 234059, 0.8999195510004938, 237299, 260088.8043156555, 0.9863463394283162, 2



3%, 234059, 4.080274076999558, 249647, 57363.54852223946, 0.9375598344862947, 14
3%, 234059, 4.791973735999818, 243473, 48843.96553378958, 0.9613345216923437, 8
3%, 234059, 2.8838453349999327, 243036, 81162.1196044501, 0.9630630853042348, 8
3%, 234059, 2.9595718470000065, 243473, 79085.42589944412, 0.9613345216923437, 8


5%, 234059, 5.552081331000409, 248618, 42156.98330878482, 0.9414402818782228, 13
5%, 234059, 3.9014017030003743, 252734, 59993.56585608625, 0.9261080820150831, 17
5%, 234059, 4.622980216000542, 244502, 50629.46174632138, 0.9572886929350272, 9
5%, 234059, 4.974744748000376, 249647, 47049.44913888923, 0.9375598344862947, 14


## loss 0%, test delay

SR + Reno

10ms ± 1ms

234059, 0.7522890869995535, 235241, 311129.064670506, 0.9949753656888043, 0
234059, 0.7321204869995199, 235241, 319700.10968994163, 0.9949753656888043, 0
234059, 0.6505159759999515, 235241, 359805.1525794002, 0.9949753656888043, 0

30ms ± 3ms
234059, 0.9485119350001696, 235241, 246764.42263212867, 0.9949753656888043, 0
234059, 0.9770063789992491, 235241, 239567.52487097107, 0.9949753656888043, 0
234059, 0.8292282619995603, 235241, 282261.24304495077, 0.9949753656888043, 0

50ms ± 5ms
234059, 1.0510818889997608, 235241, 222683.88643128192, 0.9949753656888043, 0
234059, 1.1180771460003598, 235241, 209340.6531358657, 0.9949753656888043, 0
234059, 1.0071970760000113, 235241, 232386.4967217174, 0.9949753656888043, 0

100ms ± 10ms
234059, 1.4583759720007947, 235241, 160492.90751745357, 0.9949753656888043, 0
234059, 1.438586283999939, 235241, 162700.7031856352, 0.9949753656888043, 0
234059, 1.3729275729992878, 235241, 170481.68060947044, 0.9949753656888043, 0


SR + Vegas

10ms ± 1ms
234059, 0.6064335580003899, 235241, 385959.84162184095, 0.9949753656888043, 0
234059, 0.7451098350002212, 235241, 314126.8427894667, 0.9949753656888043, 0
234059, 0.7100908879992858, 235241, 329618.3685154335, 0.9949753656888043, 0



30ms ± 3ms
234059, 0.9112341580002976, 235241, 256859.3351610548, 0.9949753656888043, 0
234059, 0.9248501920001218, 235241, 253077.74386013122, 0.9949753656888043, 0
234059, 0.8214458980000927, 235241, 284935.3811003796, 0.9949753656888043, 0


50ms ± 5ms
234059, 1.0493976110001313, 235241, 223041.29297276505, 0.9949753656888043, 0
234059, 1.119462712999848, 235241, 209081.55071354465, 0.9949753656888043, 0
234059, 1.1236549140003262, 235241, 208301.49637910278, 0.9949753656888043, 0


100ms ± 10ms
234059, 1.4031017670004076, 235241, 166815.41247031442, 0.9949753656888043, 0
234059, 1.4023995650004508, 235241, 166898.93939030476, 0.9949753656888043, 0
234059, 1.5131668659996649, 235241, 154681.55248388305, 0.9949753656888043, 0
