(base) PS D:\Projects\Networking\control_plane> .\prog3.exe
Enter TRACE:2
时间 0.000：节点0的rtinit()被调用。
                via     
   D0 |    0    1     2    3 
  ----|----------------------
     0|    0   999   999  999
     1|    1     1   999  999
     2|    3   999     3  999
     3|    7   999   999    7
节点0向节点1发送路由包：mincost = [0, 1, 3, 7]
节点0向节点2发送路由包：mincost = [0, 1, 3, 7]
节点0向节点3发送路由包：mincost = [0, 1, 3, 7]
时间 0.000：节点1的rtinit()被调用。
                via     
   D1 |    0    1     2    3 
  ----|----------------------
     0|    1     1   999  999
     1|  999     0   999  999
     2|  999     1     1  999
     3|  999   999   999  999
节点1向节点0发送路由包：mincost = [1, 0, 1, 999]
节点1向节点2发送路由包：mincost = [1, 0, 1, 999]
时间 0.000：节点2的rtinit()被调用。
                via     
   D2 |    0    1     2    3 
  ----|----------------------
     0|    3   999     3  999
     1|  999     1     1  999
     2|  999   999     0  999
     3|  999   999     2    2
节点2向节点0发送路由包：mincost = [3, 1, 0, 2]
节点2向节点1发送路由包：mincost = [3, 1, 0, 2]
节点2向节点3发送路由包：mincost = [3, 1, 0, 2]
时间 0.000：节点3的rtinit()被调用。
                via
   D3 |    0    1     2    3
  ----|----------------------
     0|    7   999   999    7
     1|  999   999   999  999
     2|  999   999     2    2
     3|  999   999   999    0
节点3向节点0发送路由包：mincost = [7, 999, 2, 0]
节点3向节点2发送路由包：mincost = [7, 999, 2, 0]
MAIN: rcv event, t=0.094, at 1 src: 0, dest: 1, contents:   0   1   3   7
时间 0.094：节点1的rtupdate()被调用。
节点1接收到来自节点0的路由包：mincost = [0, 1, 3, 7]
                via
   D1 |    0    1     2    3
  ----|----------------------
     0|    1     1   999  999
     1|    2     0   999  999
     2|    4     1     1  999
     3|    8   999   999  999
节点1向节点0发送路由包：mincost = [1, 0, 1, 8]
节点1向节点2发送路由包：mincost = [1, 0, 1, 8]
MAIN: rcv event, t=0.427, at 1 src: 2, dest: 1, contents:   3   1   0   2
时间 0.427：节点1的rtupdate()被调用。
节点1接收到来自节点2的路由包：mincost = [3, 1, 0, 2]
                via
   D1 |    0    1     2    3
  ----|----------------------
     0|    1     1     4  999
     1|    2     0     2  999
     2|    4     1     1  999
     3|    8   999     3  999
节点1向节点0发送路由包：mincost = [1, 0, 1, 3]
节点1向节点2发送路由包：mincost = [1, 0, 1, 3]
MAIN: rcv event, t=0.998, at 0 src: 1, dest: 0, contents:   1   0   1 999
时间 0.998：节点0的rtupdate()被调用。
节点0接收到来自节点1的路由包：mincost = [1, 0, 1, 999]
                via
   D0 |    0    1     2    3
  ----|----------------------
     0|    0     2   999  999
     1|    1     1   999  999
     2|    3     2     3  999
     3|    7   999   999    7
节点0向节点1发送路由包：mincost = [0, 1, 2, 7]
节点0向节点2发送路由包：mincost = [0, 1, 2, 7]
节点0向节点3发送路由包：mincost = [0, 1, 2, 7]
MAIN: rcv event, t=1.244, at 3 src: 0, dest: 3, contents:   0   1   3   7
时间 1.244：节点3的rtupdate()被调用。
节点3接收到来自节点0的路由包：mincost = [0, 1, 3, 7]
                via
   D3 |    0    1     2    3
  ----|----------------------
     0|    7   999   999    7
     1|    8   999   999  999
     2|   10   999     2    2
     3|   14   999   999    0
节点3向节点0发送路由包：mincost = [7, 8, 2, 0]
节点3向节点2发送路由包：mincost = [7, 8, 2, 0]
MAIN: rcv event, t=1.514, at 2 src: 0, dest: 2, contents:   0   1   3   7
时间 1.514：节点2的rtupdate()被调用。
节点2接收到来自节点0的路由包：mincost = [0, 1, 3, 7]
                via
   D2 |    0    1     2    3
  ----|----------------------
     0|    3   999     3  999
     1|    4     1     1  999
     2|    6   999     0  999
     3|   10   999     2    2
节点2的距离表未更新。
MAIN: rcv event, t=1.685, at 0 src: 2, dest: 0, contents:   3   1   0   2
时间 1.685：节点0的rtupdate()被调用。
节点0接收到来自节点2的路由包：mincost = [3, 1, 0, 2]
                via
   D0 |    0    1     2    3
  ----|----------------------
     0|    0     2     6  999
     1|    1     1     4  999
     2|    3     2     3  999
     3|    7   999     5    7
节点0向节点1发送路由包：mincost = [0, 1, 2, 5]
节点0向节点2发送路由包：mincost = [0, 1, 2, 5]
节点0向节点3发送路由包：mincost = [0, 1, 2, 5]
MAIN: rcv event, t=2.171, at 3 src: 2, dest: 3, contents:   3   1   0   2
时间 2.171：节点3的rtupdate()被调用。
节点3接收到来自节点2的路由包：mincost = [3, 1, 0, 2]
                via
   D3 |    0    1     2    3
  ----|----------------------
     0|    7   999     5    7
     1|    8   999     3  999
     2|   10   999     2    2
     3|   14   999     4    0
节点3向节点0发送路由包：mincost = [5, 3, 2, 0]
节点3向节点2发送路由包：mincost = [5, 3, 2, 0]
MAIN: rcv event, t=2.399, at 0 src: 3, dest: 0, contents:   7 999   2   0
时间 2.399：节点0的rtupdate()被调用。
节点0接收到来自节点3的路由包：mincost = [7, 999, 2, 0]
                via
   D0 |    0    1     2    3
  ----|----------------------
     0|    0     2     6   14
     1|    1     1     4  999
     2|    3     2     3    9
     3|    7   999     5    7
节点0的距离表未更新。
MAIN: rcv event, t=2.489, at 0 src: 1, dest: 0, contents:   1   0   1   8
时间 2.489：节点0的rtupdate()被调用。
节点0接收到来自节点1的路由包：mincost = [1, 0, 1, 8]
                via
   D0 |    0    1     2    3
  ----|----------------------
     0|    0     2     6   14
     1|    1     1     4  999
     2|    3     2     3    9
     3|    7     9     5    7
节点0的距离表未更新。
MAIN: rcv event, t=2.667, at 2 src: 1, dest: 2, contents:   1   0   1 999
时间 2.667：节点2的rtupdate()被调用。
节点2接收到来自节点1的路由包：mincost = [1, 0, 1, 999]
                via
   D2 |    0    1     2    3
  ----|----------------------
     0|    3     2     3  999
     1|    4     1     1  999
     2|    6     2     0  999
     3|   10   999     2    2
节点2向节点0发送路由包：mincost = [2, 1, 0, 2]
节点2向节点1发送路由包：mincost = [2, 1, 0, 2]
节点2向节点3发送路由包：mincost = [2, 1, 0, 2]
MAIN: rcv event, t=2.823, at 1 src: 0, dest: 1, contents:   0   1   2   7
时间 2.823：节点1的rtupdate()被调用。
节点1接收到来自节点0的路由包：mincost = [0, 1, 2, 7]
                via
   D1 |    0    1     2    3
  ----|----------------------
     0|    1     1     4  999
     1|    2     0     2  999
     2|    3     1     1  999
     3|    8   999     3  999
节点1的距离表未更新。
MAIN: rcv event, t=3.361, at 0 src: 1, dest: 0, contents:   1   0   1   3
时间 3.361：节点0的rtupdate()被调用。
节点0接收到来自节点1的路由包：mincost = [1, 0, 1, 3]
                via
   D0 |    0    1     2    3
  ----|----------------------
     0|    0     2     6   14
     1|    1     1     4  999
     2|    3     2     3    9
     3|    7     4     5    7
节点0向节点1发送路由包：mincost = [0, 1, 2, 4]
节点0向节点2发送路由包：mincost = [0, 1, 2, 4]
节点0向节点3发送路由包：mincost = [0, 1, 2, 4]
MAIN: rcv event, t=3.780, at 3 src: 0, dest: 3, contents:   0   1   2   7
时间 3.780：节点3的rtupdate()被调用。
节点3接收到来自节点0的路由包：mincost = [0, 1, 2, 7]
                via
   D3 |    0    1     2    3
  ----|----------------------
     0|    7   999     5    7
     1|    8   999     3  999
     2|    9   999     2    2
     3|   14   999     4    0
节点3的距离表未更新。
MAIN: rcv event, t=3.798, at 2 src: 3, dest: 2, contents:   7 999   2   0
时间 3.798：节点2的rtupdate()被调用。
节点2接收到来自节点3的路由包：mincost = [7, 999, 2, 0]
                via
   D2 |    0    1     2    3
  ----|----------------------
     0|    3     2     3    9
     1|    4     1     1  999
     2|    6     2     0    4
     3|   10   999     2    2
节点2的距离表未更新。
MAIN: rcv event, t=3.915, at 0 src: 3, dest: 0, contents:   7   8   2   0
时间 3.915：节点0的rtupdate()被调用。
节点0接收到来自节点3的路由包：mincost = [7, 8, 2, 0]
                via
   D0 |    0    1     2    3
  ----|----------------------
     0|    0     2     6   14
     1|    1     1     4   15
     2|    3     2     3    9
     3|    7     4     5    7
节点0的距离表未更新。
MAIN: rcv event, t=4.098, at 1 src: 0, dest: 1, contents:   0   1   2   5
时间 4.098：节点1的rtupdate()被调用。
节点1接收到来自节点0的路由包：mincost = [0, 1, 2, 5]
                via
   D1 |    0    1     2    3
  ----|----------------------
     0|    1     1     4  999
     1|    2     0     2  999
     2|    3     1     1  999
     3|    6   999     3  999
节点1的距离表未更新。
MAIN: rcv event, t=4.650, at 1 src: 2, dest: 1, contents:   2   1   0   2
时间 4.650：节点1的rtupdate()被调用。
节点1接收到来自节点2的路由包：mincost = [2, 1, 0, 2]
                via
   D1 |    0    1     2    3
  ----|----------------------
     0|    1     1     3  999
     1|    2     0     2  999
     2|    3     1     1  999
     3|    6   999     3  999
节点1的距离表未更新。
MAIN: rcv event, t=4.774, at 2 src: 1, dest: 2, contents:   1   0   1   8
时间 4.774：节点2的rtupdate()被调用。
节点2接收到来自节点1的路由包：mincost = [1, 0, 1, 8]
                via
   D2 |    0    1     2    3
  ----|----------------------
     0|    3     2     3    9
     1|    4     1     1  999
     2|    6     2     0    4
     3|   10     9     2    2
节点2的距离表未更新。
MAIN: rcv event, t=5.464, at 3 src: 0, dest: 3, contents:   0   1   2   5
时间 5.464：节点3的rtupdate()被调用。
节点3接收到来自节点0的路由包：mincost = [0, 1, 2, 5]
                via
   D3 |    0    1     2    3
  ----|----------------------
     0|    7   999     5    7
     1|    8   999     3  999
     2|    9   999     2    2
     3|   12   999     4    0
节点3的距离表未更新。
MAIN: rcv event, t=5.640, at 0 src: 3, dest: 0, contents:   5   3   2   0
时间 5.640：节点0的rtupdate()被调用。
节点0接收到来自节点3的路由包：mincost = [5, 3, 2, 0]
                via
   D0 |    0    1     2    3
  ----|----------------------
     0|    0     2     6   12
     1|    1     1     4   10
     2|    3     2     3    9
     3|    7     4     5    7
节点0的距离表未更新。
MAIN: rcv event, t=5.760, at 2 src: 1, dest: 2, contents:   1   0   1   3
时间 5.760：节点2的rtupdate()被调用。
节点2接收到来自节点1的路由包：mincost = [1, 0, 1, 3]
                via
   D2 |    0    1     2    3
  ----|----------------------
     0|    3     2     3    9
     1|    4     1     1  999
     2|    6     2     0    4
     3|   10     4     2    2
节点2的距离表未更新。
MAIN: rcv event, t=6.212, at 1 src: 0, dest: 1, contents:   0   1   2   4
时间 6.212：节点1的rtupdate()被调用。
节点1接收到来自节点0的路由包：mincost = [0, 1, 2, 4]
                via
   D1 |    0    1     2    3
  ----|----------------------
     0|    1     1     3  999
     1|    2     0     2  999
     2|    3     1     1  999
     3|    5   999     3  999
节点1的距离表未更新。
MAIN: rcv event, t=6.315, at 3 src: 2, dest: 3, contents:   2   1   0   2
时间 6.315：节点3的rtupdate()被调用。
节点3接收到来自节点2的路由包：mincost = [2, 1, 0, 2]
                via
   D3 |    0    1     2    3
  ----|----------------------
     0|    7   999     4    7
     1|    8   999     3  999
     2|    9   999     2    2
     3|   12   999     4    0
节点3向节点0发送路由包：mincost = [4, 3, 2, 0]
节点3向节点2发送路由包：mincost = [4, 3, 2, 0]
MAIN: rcv event, t=6.435, at 0 src: 2, dest: 0, contents:   2   1   0   2
时间 6.435：节点0的rtupdate()被调用。
节点0接收到来自节点2的路由包：mincost = [2, 1, 0, 2]
                via
   D0 |    0    1     2    3
  ----|----------------------
     0|    0     2     5   12
     1|    1     1     4   10
     2|    3     2     3    9
     3|    7     4     5    7
节点0的距离表未更新。
MAIN: rcv event, t=6.771, at 2 src: 0, dest: 2, contents:   0   1   2   7
时间 6.771：节点2的rtupdate()被调用。
节点2接收到来自节点0的路由包：mincost = [0, 1, 2, 7]
                via
   D2 |    0    1     2    3
  ----|----------------------
     0|    3     2     3    9
     1|    4     1     1  999
     2|    5     2     0    4
     3|   10     4     2    2
节点2的距离表未更新。
MAIN: rcv event, t=7.003, at 3 src: 0, dest: 3, contents:   0   1   2   4
时间 7.003：节点3的rtupdate()被调用。
节点3接收到来自节点0的路由包：mincost = [0, 1, 2, 4]
                via
   D3 |    0    1     2    3
  ----|----------------------
     0|    7   999     4    7
     1|    8   999     3  999
     2|    9   999     2    2
     3|   11   999     4    0
节点3的距离表未更新。
MAIN: rcv event, t=7.406, at 0 src: 3, dest: 0, contents:   4   3   2   0
时间 7.406：节点0的rtupdate()被调用。
节点0接收到来自节点3的路由包：mincost = [4, 3, 2, 0]
                via
   D0 |    0    1     2    3
  ----|----------------------
     0|    0     2     5   11
     1|    1     1     4   10
     2|    3     2     3    9
     3|    7     4     5    7
节点0的距离表未更新。
MAIN: rcv event, t=7.650, at 2 src: 3, dest: 2, contents:   7   8   2   0
时间 7.650：节点2的rtupdate()被调用。
节点2接收到来自节点3的路由包：mincost = [7, 8, 2, 0]
                via
   D2 |    0    1     2    3
  ----|----------------------
     0|    3     2     3    9
     1|    4     1     1   10
     2|    5     2     0    4
     3|   10     4     2    2
节点2的距离表未更新。
MAIN: rcv event, t=8.069, at 2 src: 0, dest: 2, contents:   0   1   2   5
时间 8.069：节点2的rtupdate()被调用。
节点2接收到来自节点0的路由包：mincost = [0, 1, 2, 5]
                via     
   D2 |    0    1     2    3
  ----|----------------------
     0|    3     2     3    9
     1|    4     1     1   10
     2|    5     2     0    4
     3|    8     4     2    2
节点2的距离表未更新。
MAIN: rcv event, t=9.377, at 2 src: 3, dest: 2, contents:   5   3   2   0
时间 9.377：节点2的rtupdate()被调用。
节点2接收到来自节点3的路由包：mincost = [5, 3, 2, 0]
                via
   D2 |    0    1     2    3
  ----|----------------------
     0|    3     2     3    7
     1|    4     1     1    5
     2|    5     2     0    4
     3|    8     4     2    2
节点2的距离表未更新。
MAIN: rcv event, t=10.016, at 2 src: 0, dest: 2, contents:   0   1   2   4
时间 10.016：节点2的rtupdate()被调用。
节点2接收到来自节点0的路由包：mincost = [0, 1, 2, 4]
                via
   D2 |    0    1     2    3
  ----|----------------------
     0|    3     2     3    7
     1|    4     1     1    5
     2|    5     2     0    4
     3|    7     4     2    2
节点2的距离表未更新。
MAIN: rcv event, t=11.030, at 2 src: 3, dest: 2, contents:   4   3   2   0
时间 11.030：节点2的rtupdate()被调用。
节点2接收到来自节点3的路由包：mincost = [4, 3, 2, 0]
                via
   D2 |    0    1     2    3
  ----|----------------------
     0|    3     2     3    6
     1|    4     1     1    5
     2|    5     2     0    4
     3|    7     4     2    2
节点2的距离表未更新。

Simulator terminated at t=11.029816, no packets in medium